---
  0 debug pnpm:scope: 
    selected: 1
    workspacePrefix: null
  1 debug pnpm: 
    isCaseSensitive: true
    store: "/mnt/c/Code/.pnpm-store/2"
  2 debug pnpm:package-json: 
    initial: {}
    prefix: "/mnt/c/Code/TRA/hello-TRA"
  3 error pnpm: 
    message: 
      errno: -2
      code: "ENOENT"
      syscall: "open"
      path: "/mnt/c/Code/TRA/hello-TRA/package.json"
    err: 
      name: "Error"
      message: "ENOENT: no such file or directory, open '/mnt/c/Code/TRA/hello-TRA/package.json'"
      code: "ENOENT"
      stack: "Error: ENOENT: no such file or directory, open '/mnt/c/Code/TRA/hello-TRA/package.json'"
